<?xml version="1.0" encoding="UTF-8"?>
<testsuite xmlns:xsi="http://www.w3.org/2001/XMLSchema-instance" xsi:noNamespaceSchemaLocation="https://maven.apache.org/surefire/maven-surefire-plugin/xsd/surefire-test-report-3.0.xsd" version="3.0" name="com.udacity.catpoint.securityclass.service.SecurityServiceTesting" time="1.299" tests="16" errors="0" skipped="0" failures="0">
  <properties>
[...]
</properties>
  <testcase name="disarmed_returnNoAlarmStatus" classname="com.udacity.catpoint.securityclass.service.SecurityServiceTesting" time="1.123"/>
  <testcase name="armedHome_cameraShowsCat_returnAlarmedAlarmStatus" classname="com.udacity.catpoint.securityclass.service.SecurityServiceTesting" time="0.008"/>
  <testcase name="removeSensorInSecurityService_checkIfSensorRemoved" classname="com.udacity.catpoint.securityclass.service.SecurityServiceTesting" time="0.114"/>
  <testcase name="cameraImageContainCat_armedHomeAlarmState_returnAlarmState" classname="com.udacity.catpoint.securityclass.service.SecurityServiceTesting" time="0.003"/>
  <testcase name="alarmedStatus_deactivatedSensor_returnPendingAlarmStatus" classname="com.udacity.catpoint.securityclass.service.SecurityServiceTesting" time="0.003"/>
  <testcase name="armed_returnInactiveSensor" classname="com.udacity.catpoint.securityclass.service.SecurityServiceTesting" time="0.004"/>
  <testcase name="alreadyDeactivatedSensor_deactivateSensor_checkNoChangeOnAlarmState" classname="com.udacity.catpoint.securityclass.service.SecurityServiceTesting" time="0.003"/>
  <testcase name="cameraImageNoCat_inactiveSensor_returnNoAlarmStatus" classname="com.udacity.catpoint.securityclass.service.SecurityServiceTesting" time="0.003"/>
  <testcase name="addSensorInSecurityService_checkIfSensorAdded" classname="com.udacity.catpoint.securityclass.service.SecurityServiceTesting" time="0.004"/>
  <testcase name="activeAlarm_checkNoChangeOnAlarmState" classname="com.udacity.catpoint.securityclass.service.SecurityServiceTesting" time="0.007"/>
  <testcase name="pendingAlarm_inactiveSensor_returnNoAlarmState" classname="com.udacity.catpoint.securityclass.service.SecurityServiceTesting" time="0.001"/>
  <testcase name="removeListenerInSecurityService_checkIfListenerRemoved" classname="com.udacity.catpoint.securityclass.service.SecurityServiceTesting" time="0.001"/>
  <testcase name="armedSensor_activatedSensor_checkPendingAlarmStatus" classname="com.udacity.catpoint.securityclass.service.SecurityServiceTesting" time="0.002"/>
  <testcase name="alreadyActiveSensor_activeSensor_pendingAlarmStatus_returnAlarmState" classname="com.udacity.catpoint.securityclass.service.SecurityServiceTesting" time="0.002"/>
  <testcase name="armedSensor_activatedSensor_pendingAlarmStatus_checkAlarmStatus" classname="com.udacity.catpoint.securityclass.service.SecurityServiceTesting" time="0.002"/>
  <testcase name="addListenerInSecurityService_checkIfListenerAdded" classname="com.udacity.catpoint.securityclass.service.SecurityServiceTesting" time="0.001"/>
</testsuite>